<?xml version="1.0" encoding="UTF-8"?>
<!-- Generated by org.testng.reporters.JUnitReportReporter -->
<testsuite hostname="DESKTOP-7INTED2" failures="0" tests="5" name="RentOk.allTests" time="179.646" errors="0" timestamp="2024-10-25T20:56:11 IST" skipped="0">
  <testcase classname="RentOk.allTests" name="LoginLogout" time="37.373"/>
  <testcase classname="RentOk.allTests" name="ForgotPassword" time="97.447"/>
  <testcase classname="RentOk.allTests" name="GoogleLogin" time="4.078"/>
  <testcase classname="RentOk.allTests" name="TeamMemberLogin" time="0.088"/>
  <testcase classname="RentOk.allTests" name="LoginPhoneNo" time="40.660"/>
</testsuite> <!-- RentOk.allTests -->
